2014-05-26 17:07:26 Error: [MissingControllerException] Controller class JsController could not be found.
Exception Attributes: array (
  'class' => 'JsController',
  'plugin' => 'Croogo',
)
Request URL: /croogo2/croogo/js/jquery/superfish.js
Stack Trace:
#0 /var/www/croogo2/webroot/index.php(105): Dispatcher->dispatch(Object(CakeRequest), Object(CakeResponse))
#1 {main}
2014-05-26 17:26:18 Error: [MissingViewException] View file "/var/www/croogo2/View/Plugin/Videos/Videos/getvideo.ctp" is missing.
Exception Attributes: array (
  'file' => '/var/www/croogo2/View/Plugin/Videos/Videos/getvideo.ctp',
)
Request URL: /croogo2/videos/videos/getvideo/slug:insomnium-while-she-sleep
Stack Trace:
#0 /var/www/croogo2/Vendor/cakephp/cakephp/lib/Cake/View/View.php(468): View->_getViewFileName(NULL)
#1 /var/www/croogo2/Vendor/cakephp/cakephp/lib/Cake/Controller/Controller.php(954): View->render(NULL, NULL)
#2 /var/www/croogo2/Vendor/croogo/croogo/Croogo/Controller/CroogoAppController.php(351): Controller->render(NULL, NULL)
#3 /var/www/croogo2/Vendor/cakephp/cakephp/lib/Cake/Routing/Dispatcher.php(198): CroogoAppController->render()
#4 /var/www/croogo2/Vendor/cakephp/cakephp/lib/Cake/Routing/Dispatcher.php(165): Dispatcher->_invoke(Object(VideosController), Object(CakeRequest))
#5 /var/www/croogo2/webroot/index.php(105): Dispatcher->dispatch(Object(CakeRequest), Object(CakeResponse))
#6 {main}
2014-05-26 17:59:30 Error: [ConfigureException] Could not load configuration file: /var/www/croogo2/Config/facebook.php
Request URL: /croogo2/admin/facebook_extensions/facebook_feeds/add
Stack Trace:
#0 /var/www/croogo2/Vendor/cakephp/cakephp/lib/Cake/Core/Configure.php(298): PhpReader->read('facebook')
#1 /var/www/croogo2/Vendor/croogo/croogo/Facebook/Lib/FacebookApi.php(11): Configure::load('facebook')
#2 /var/www/croogo2/Vendor/cakephp/cakephp/lib/Cake/Core/App.php(565): include('/var/www/croogo...')
#3 [internal function]: App::load('FacebookApi')
#4 /var/www/croogo2/Vendor/croogo/croogo/Facebook/Controller/Component/ApiComponent.php(24): spl_autoload_call('FacebookApi')
#5 [internal function]: ApiComponent->initialize(Object(FacebookFeedsController))
#6 /var/www/croogo2/Vendor/cakephp/cakephp/lib/Cake/Utility/ObjectCollection.php(129): call_user_func_array(Array, Array)
#7 [internal function]: ObjectCollection->trigger(Object(CakeEvent))
#8 /var/www/croogo2/Vendor/cakephp/cakephp/lib/Cake/Event/CakeEventManager.php(244): call_user_func(Array, Object(CakeEvent))
#9 /var/www/croogo2/Vendor/cakephp/cakephp/lib/Cake/Controller/Controller.php(674): CakeEventManager->dispatch(Object(CakeEvent))
#10 /var/www/croogo2/Vendor/cakephp/cakephp/lib/Cake/Routing/Dispatcher.php(187): Controller->startupProcess()
#11 /var/www/croogo2/Vendor/cakephp/cakephp/lib/Cake/Routing/Dispatcher.php(165): Dispatcher->_invoke(Object(FacebookFeedsController), Object(CakeRequest))
#12 /var/www/croogo2/webroot/index.php(105): Dispatcher->dispatch(Object(CakeRequest), Object(CakeResponse))
#13 {main}
2014-05-26 18:47:26 Error: [PDOException] SQLSTATE[23000]: Integrity constraint violation: 1048 Column 'user_id' cannot be null
Request URL: /croogo2/admin/nodes/nodes/add/news
Stack Trace:
#0 /var/www/croogo2/Vendor/cakephp/cakephp/lib/Cake/Model/Datasource/DboSource.php(458): PDOStatement->execute(Array)
#1 /var/www/croogo2/Vendor/cakephp/cakephp/lib/Cake/Model/Datasource/DboSource.php(424): DboSource->_execute('INSERT INTO `cr...', Array)
#2 /var/www/croogo2/Vendor/cakephp/cakephp/lib/Cake/Model/Datasource/DboSource.php(1012): DboSource->execute('INSERT INTO `cr...')
#3 /var/www/croogo2/Vendor/cakephp/cakephp/lib/Cake/Model/Model.php(1834): DboSource->create(Object(Node), Array, Array)
#4 /var/www/croogo2/Vendor/cakephp/cakephp/lib/Cake/Model/Model.php(2394): Model->save(Array, Array)
#5 /var/www/croogo2/Vendor/cakephp/cakephp/lib/Cake/Model/Model.php(2180): Model->saveAssociated(Array, Array)
#6 /var/www/croogo2/Vendor/croogo/croogo/Nodes/Model/Node.php(328): Model->saveAll(Array)
#7 /var/www/croogo2/Vendor/croogo/croogo/Nodes/Controller/NodesController.php(173): Node->saveNode(Array, 'news')
#8 [internal function]: NodesController->admin_add('news')
#9 /var/www/croogo2/Vendor/cakephp/cakephp/lib/Cake/Controller/Controller.php(490): ReflectionMethod->invokeArgs(Object(NodesController), Array)
#10 /var/www/croogo2/Vendor/croogo/croogo/Croogo/Controller/CroogoAppController.php(193): Controller->invokeAction(Object(CakeRequest))
#11 /var/www/croogo2/Vendor/cakephp/cakephp/lib/Cake/Routing/Dispatcher.php(191): CroogoAppController->invokeAction(Object(CakeRequest))
#12 /var/www/croogo2/Vendor/cakephp/cakephp/lib/Cake/Routing/Dispatcher.php(165): Dispatcher->_invoke(Object(NodesController), Object(CakeRequest))
#13 /var/www/croogo2/webroot/index.php(105): Dispatcher->dispatch(Object(CakeRequest), Object(CakeResponse))
#14 {main}
2014-05-26 19:00:51 Error: tko - controllers/Extensions/ExtensionsDashboard/admin_index denied. (cache miss)
2014-05-26 19:00:52 Error: tko - controllers/Settings/Settings/admin_dashboard allowed. (cache miss)
2014-05-26 19:01:16 Error: tko - controllers/Extensions/ExtensionsDashboard/admin_index denied. (cache hit)
2014-05-26 19:01:17 Error: tko - controllers/Settings/Settings/admin_dashboard allowed. (cache hit)
2014-05-26 19:01:20 Error: tko - controllers/Settings/Settings/admin_dashboard allowed. (cache hit)
2014-05-26 19:01:36 Error: tko - controllers/Nodes/Nodes/admin_add allowed. (cache miss)
2014-05-26 19:01:41 Error: tko - controllers/Nodes/Nodes/admin_index allowed. (cache miss)
2014-05-26 19:02:29 Error: tko - controllers/Nodes/Nodes/admin_index allowed. (cache miss)
2014-05-26 19:02:42 Error: tko - controllers/Nodes/Nodes/admin_index allowed. (cache hit)
2014-05-26 19:03:01 Error: tko - controllers/Nodes/Nodes/admin_index allowed. (cache miss)
2014-05-26 19:05:49 Error: tko - controllers/Nodes/Nodes/admin_index allowed. (cache miss)
2014-05-26 19:06:05 Error: tko - controllers/Nodes/Nodes/admin_add allowed. (cache miss)
2014-05-26 19:06:25 Error: tko - controllers/Nodes/Nodes/admin_add allowed. (cache hit)
2014-05-26 19:06:26 Error: tko - controllers/Nodes/Nodes/admin_index allowed. (cache hit)
2014-05-26 19:07:28 Error: tko - controllers/Nodes/Nodes/admin_index allowed. (cache miss)
2014-05-26 19:08:21 Error: tko - controllers/Nodes/Nodes/admin_index allowed. (cache miss)
2014-05-26 19:09:07 Error: tko - controllers/Nodes/Nodes/admin_index allowed. (cache miss)
2014-05-26 19:10:32 Error: tko - controllers/Nodes/Nodes/admin_index allowed. (cache miss)
2014-05-26 19:10:48 Error: tko - controllers/Menus/Links/admin_index allowed. (cache miss)
